<?xml version="1.0" encoding="UTF-8"?>
<!-- Generated by org.testng.reporters.JUnitReportReporter -->
<testsuite hostname="DESKTOP-6BPIBTL" failures="0" tests="1" name="ru.skillfactory.qajava.AppTest" time="0.050" errors="0" timestamp="2023-08-05T18:51:47 PKT" skipped="0">
  <testcase classname="ru.skillfactory.qajava.AppTest" name="testApp" time="0.050"/>
  <system-out/>
</testsuite> <!-- ru.skillfactory.qajava.AppTest -->
